Arguments: 
  /Users/cortesdev/.nvm/versions/node/v18.12.1/bin/node /opt/homebrew/Cellar/yarn/1.22.19/libexec/bin/yarn.js publish

PATH: 
  /Users/cortesdev/.nvm/versions/node/v18.12.1/bin:/Library/Frameworks/Python.framework/Versions/3.10/bin:/opt/homebrew/bin:/opt/homebrew/sbin:/usr/local/bin:/usr/bin:/bin:/usr/sbin:/sbin:/Library/Apple/usr/bin:/Users/cortesdev/.nvm/versions/node/v18.12.1/bin:/Library/Frameworks/Python.framework/Versions/3.10/bin:/opt/homebrew/bin:/opt/homebrew/sbin

Yarn version: 
  1.22.19

Node version: 
  18.12.1

Platform: 
  darwin arm64

Trace: 
  Error: https://registry.yarnpkg.com/-/user/org.couchdb.user:cortesdev: Account creation via legacy auth is unavailable. Please set your auth-type to "web" or visit https://www.npmjs.com/signup to create an account.
      at params.callback [as _callback] (/opt/homebrew/Cellar/yarn/1.22.19/libexec/lib/cli.js:66154:18)
      at self.callback (/opt/homebrew/Cellar/yarn/1.22.19/libexec/lib/cli.js:140890:22)
      at Request.emit (node:events:513:28)
      at Request.<anonymous> (/opt/homebrew/Cellar/yarn/1.22.19/libexec/lib/cli.js:141862:10)
      at Request.emit (node:events:513:28)
      at Gunzip.<anonymous> (/opt/homebrew/Cellar/yarn/1.22.19/libexec/lib/cli.js:141784:12)
      at Object.onceWrapper (node:events:627:28)
      at Gunzip.emit (node:events:513:28)
      at endReadableNT (node:internal/streams/readable:1359:12)
      at process.processTicksAndRejections (node:internal/process/task_queues:82:21)

npm manifest: 
  {
    "name": "hardhat-javascript-starter",
    "scripts": {
      "build": "npx thirdweb@latest detect",
      "deploy": "npx thirdweb@latest deploy",
      "release": "npx thirdweb@latest release"
    },
    "devDependencies": {
      "hardhat": "^2.14.0",
      "ts-node": "^10.9.1"
    },
    "dependencies": {
      "@thirdweb-dev/contracts": "^3",
      "dotenv": "^16.0.3"
    },
    "version": "0.0.0"
  }

yarn manifest: 
  No manifest

Lockfile: 
  No lockfile
